
debug_fpair_lane.o:	file format mach-o arm64

Disassembly of section __TEXT,__text:

0000000000000000 <ltmp0>:
       0: 14000001     	b	0x4 <ltmp0+0x4>
       4: a9bb7bfd     	stp	x29, x30, [sp, #-0x50]!
       8: 910003fd     	mov	x29, sp
       c: fd0017ae     	str	d14, [x29, #0x28]
      10: fd001baf     	str	d15, [x29, #0x30]
      14: a903d3b3     	stp	x19, x20, [x29, #0x38]
      18: f90027bc     	str	x28, [x29, #0x48]
      1c: 9000001c     	adrp	x28, 0x0 <ltmp0>
      20: 9100039c     	add	x28, x28, #0x0
      24: 90000009     	adrp	x9, 0x0 <ltmp0>
      28: 91000129     	add	x9, x9, #0x0
      2c: 91002129     	add	x9, x9, #0x8
      30: aa0903e0     	mov	x0, x9
      34: 94000000     	bl	0x34 <ltmp0+0x34>
      38: d2800009     	mov	x9, #0x0                ; =0
      3c: 9000000b     	adrp	x11, 0x0 <ltmp0>
      40: 9100016b     	add	x11, x11, #0x0
      44: fd400160     	ldr	d0, [x11]
      48: 1e624001     	fcvt	s1, d0
      4c: 1e26002b     	fmov	w11, s1
      50: b3407d69     	bfxil	x9, x11, #0, #32
      54: 9000000c     	adrp	x12, 0x0 <ltmp0>
      58: 9100018c     	add	x12, x12, #0x0
      5c: fd400180     	ldr	d0, [x12]
      60: 1e624001     	fcvt	s1, d0
      64: 1e26002c     	fmov	w12, s1
      68: b3607d89     	bfi	x9, x12, #32, #32
      6c: aa0903ef     	mov	x15, x9
      70: 90000009     	adrp	x9, 0x0 <ltmp0>
      74: 91000129     	add	x9, x9, #0x0
      78: 91002129     	add	x9, x9, #0x8
      7c: aa0903e0     	mov	x0, x9
      80: 94000000     	bl	0x80 <ltmp0+0x80>
      84: 90000009     	adrp	x9, 0x0 <ltmp0>
      88: 91000129     	add	x9, x9, #0x0
      8c: 91002129     	add	x9, x9, #0x8
      90: aa0903e0     	mov	x0, x9
      94: 94000000     	bl	0x94 <ltmp0+0x94>
      98: 9e6701e1     	fmov	d1, x15
      9c: d3407df4     	ubfx	x20, x15, #0, #32
      a0: 1e270282     	fmov	s2, w20
      a4: 1e22c040     	fcvt	d0, s2
      a8: 1e60400f     	fmov	d15, d0
      ac: 1e60400f     	fmov	d15, d0
      b0: 90000009     	adrp	x9, 0x0 <ltmp0>
      b4: 91000129     	add	x9, x9, #0x0
      b8: 91002129     	add	x9, x9, #0x8
      bc: aa0903e0     	mov	x0, x9
      c0: 9e6601e9     	fmov	x9, d15
      c4: aa0903e1     	mov	x1, x9
      c8: 94000000     	bl	0xc8 <ltmp0+0xc8>
      cc: 90000009     	adrp	x9, 0x0 <ltmp0>
      d0: 91000129     	add	x9, x9, #0x0
      d4: 91002129     	add	x9, x9, #0x8
      d8: aa0903e0     	mov	x0, x9
      dc: 94000000     	bl	0xdc <ltmp0+0xdc>
      e0: 9e6701e1     	fmov	d1, x15
      e4: d360fdf4     	lsr	x20, x15, #32
      e8: 1e270282     	fmov	s2, w20
      ec: 1e22c040     	fcvt	d0, s2
      f0: 1e60400e     	fmov	d14, d0
      f4: 1e60400e     	fmov	d14, d0
      f8: 90000009     	adrp	x9, 0x0 <ltmp0>
      fc: 91000129     	add	x9, x9, #0x0
     100: 91002129     	add	x9, x9, #0x8
     104: aa0903e0     	mov	x0, x9
     108: 9e6601c9     	fmov	x9, d14
     10c: aa0903e1     	mov	x1, x9
     110: 94000000     	bl	0x110 <ltmp0+0x110>
     114: 90000009     	adrp	x9, 0x0 <ltmp0>
     118: 91000129     	add	x9, x9, #0x0
     11c: 91002129     	add	x9, x9, #0x8
     120: aa0903e0     	mov	x0, x9
     124: 94000000     	bl	0x124 <ltmp0+0x124>
     128: 14000001     	b	0x12c <ltmp0+0x12c>
     12c: 14000001     	b	0x130 <ltmp0+0x130>
     130: fd4017ae     	ldr	d14, [x29, #0x28]
     134: fd401baf     	ldr	d15, [x29, #0x30]
     138: a943d3b3     	ldp	x19, x20, [x29, #0x38]
     13c: f94027bc     	ldr	x28, [x29, #0x48]
     140: 910003bf     	mov	sp, x29
     144: a9407bfd     	ldp	x29, x30, [sp]
     148: 910043ff     	add	sp, sp, #0x10
     14c: d65f03c0     	ret
